Task took 3825 seconds
Running model with dataset: FNG
Task took 2748 seconds
Running model with dataset: PRT
Task took 1394 seconds
Running model with dataset: BTS
Task took 1117 seconds
Running model with dataset: ACT_410
Task took 1210 seconds
Task took 14742 seconds
Running model baselines/finetuning for p = 40, k = 1
Running model baselines/finetuning in cross-domain mode
Task took 4105 seconds
Running model baselines/finetuning in within-domain mode
Running model with dataset: AWA
Task took 961 seconds
Running model with dataset: FNG
Task took 1032 seconds
Running model with dataset: PRT
Task took 1358 seconds
Running model with dataset: BTS
Task took 1254 seconds
Running model with dataset: ACT_410
Task took 1095 seconds
Task took 9805 seconds
Running model baselines/finetuning for p = 50, k = 1
Running model baselines/finetuning in cross-domain mode
Task took 4504 seconds
Running model baselines/finetuning in within-domain mode
Running model with dataset: AWA
Task took 1041 seconds
Running model with dataset: FNG
Task took 2294 seconds
Running model with dataset: PRT
Task took 4316 seconds
Running model with dataset: BTS
Task took 1004 seconds
Running model with dataset: ACT_410
Task took 906 seconds
Task took 14065 seconds
